# JRE version: OpenJDK Runtime Environment (11.0.12+7) (build 11.0.12+7-b1504.28-7817840)
# Java VM: OpenJDK 64-Bit Server VM (11.0.12+7-b1504.28-7817840, mixed mode, tiered, compressed oops, g1 gc, windows-amd64)
Heap:
 garbage-first heap   total 787456K, used 281600K [0x0000000080000000, 0x0000000100000000)
  region size 1024K, 3 young (3072K), 3 survivors (3072K)
 Metaspace       used 200730K, capacity 206711K, committed 206976K, reserved 1228800K
  class space    used 24671K, capacity 26918K, committed 27008K, reserved 1048576K
GC Heap History (20 events):
Event: 19278.774 GC heap after
{Heap after GC invocations=243 (full 0):
 garbage-first heap   total 460800K, used 221122K [0x0000000080000000, 0x0000000100000000)
  region size 1024K, 7 young (7168K), 7 survivors (7168K)
 Metaspace       used 199712K, capacity 205501K, committed 206080K, reserved 1228800K
  class space    used 24522K, capacity 26696K, committed 26880K, reserved 1048576K
}
Event: 19278.995 GC heap before
{Heap before GC invocations=243 (full 0):
 garbage-first heap   total 460800K, used 237506K [0x0000000080000000, 0x0000000100000000)
  region size 1024K, 22 young (22528K), 7 survivors (7168K)
 Metaspace       used 199716K, capacity 205502K, committed 206080K, reserved 1228800K
  class space    used 24522K, capacity 26696K, committed 26880K, reserved 1048576K
}
Event: 19279.081 GC heap after
{Heap after GC invocations=244 (full 0):
 garbage-first heap   total 460800K, used 229425K [0x0000000080000000, 0x0000000100000000)
  region size 1024K, 3 young (3072K), 3 survivors (3072K)
 Metaspace       used 199716K, capacity 205502K, committed 206080K, reserved 1228800K
  class space    used 24522K, capacity 26696K, committed 26880K, reserved 1048576K
}
Event: 19279.832 GC heap before
{Heap before GC invocations=245 (full 0):
 garbage-first heap   total 460800K, used 258097K [0x0000000080000000, 0x0000000100000000)
  region size 1024K, 32 young (32768K), 3 survivors (3072K)
 Metaspace       used 200011K, capacity 205853K, committed 206336K, reserved 1228800K
  class space    used 24548K, capacity 26747K, committed 26880K, reserved 1048576K
}
Event: 19279.907 GC heap after
{Heap after GC invocations=246 (full 0):
 garbage-first heap   total 460800K, used 241077K [0x0000000080000000, 0x0000000100000000)
  region size 1024K, 4 young (4096K), 4 survivors (4096K)
 Metaspace       used 200011K, capacity 205853K, committed 206336K, reserved 1228800K
  class space    used 24548K, capacity 26747K, committed 26880K, reserved 1048576K
}
Event: 19279.979 GC heap before
{Heap before GC invocations=246 (full 0):
 garbage-first heap   total 460800K, used 259509K [0x0000000080000000, 0x0000000100000000)
  region size 1024K, 22 young (22528K), 4 survivors (4096K)
 Metaspace       used 200021K, capacity 205853K, committed 206336K, reserved 1228800K
  class space    used 24548K, capacity 26747K, committed 26880K, reserved 1048576K
}
Event: 19280.055 GC heap after
{Heap after GC invocations=247 (full 0):
 garbage-first heap   total 460800K, used 239069K [0x0000000080000000, 0x0000000100000000)
  region size 1024K, 3 young (3072K), 3 survivors (3072K)
 Metaspace       used 200021K, capacity 205853K, committed 206336K, reserved 1228800K
  class space    used 24548K, capacity 26747K, committed 26880K, reserved 1048576K
}
Event: 19280.146 GC heap before
{Heap before GC invocations=247 (full 0):
 garbage-first heap   total 460800K, used 258525K [0x0000000080000000, 0x0000000100000000)
  region size 1024K, 22 young (22528K), 3 survivors (3072K)
 Metaspace       used 200112K, capacity 205927K, committed 206336K, reserved 1228800K
  class space    used 24563K, capacity 26750K, committed 26880K, reserved 1048576K
}
Event: 19280.208 GC heap after
{Heap after GC invocations=248 (full 0):
 garbage-first heap   total 460800K, used 242271K [0x0000000080000000, 0x0000000100000000)
  region size 1024K, 3 young (3072K), 3 survivors (3072K)
 Metaspace       used 200112K, capacity 205927K, committed 206336K, reserved 1228800K
  class space    used 24563K, capacity 26750K, committed 26880K, reserved 1048576K
}
Event: 19280.313 GC heap before
{Heap before GC invocations=248 (full 0):
 garbage-first heap   total 460800K, used 261727K [0x0000000080000000, 0x0000000100000000)
  region size 1024K, 22 young (22528K), 3 survivors (3072K)
 Metaspace       used 200183K, capacity 206010K, committed 206336K, reserved 1228800K
  class space    used 24577K, capacity 26756K, committed 26880K, reserved 1048576K
}
Event: 19280.355 GC heap after
{Heap after GC invocations=249 (full 0):
 garbage-first heap   total 460800K, used 252416K [0x0000000080000000, 0x0000000100000000)
  region size 1024K, 3 young (3072K), 3 survivors (3072K)
 Metaspace       used 200183K, capacity 206010K, committed 206336K, reserved 1228800K
  class space    used 24577K, capacity 26756K, committed 26880K, reserved 1048576K
}
Event: 19280.515 GC heap before
{Heap before GC invocations=249 (full 0):
 garbage-first heap   total 460800K, used 271872K [0x0000000080000000, 0x0000000100000000)
  region size 1024K, 22 young (22528K), 3 survivors (3072K)
 Metaspace       used 200194K, capacity 206012K, committed 206336K, reserved 1228800K
  class space    used 24578K, capacity 26757K, committed 26880K, reserved 1048576K
}
Event: 19280.584 GC heap after
{Heap after GC invocations=250 (full 0):
 garbage-first heap   total 460800K, used 263078K [0x0000000080000000, 0x0000000100000000)
  region size 1024K, 3 young (3072K), 3 survivors (3072K)
 Metaspace       used 200194K, capacity 206012K, committed 206336K, reserved 1228800K
  class space    used 24578K, capacity 26757K, committed 26880K, reserved 1048576K
}
Event: 19281.043 GC heap before
{Heap before GC invocations=250 (full 0):
 garbage-first heap   total 460800K, used 283558K [0x0000000080000000, 0x0000000100000000)
  region size 1024K, 23 young (23552K), 3 survivors (3072K)
 Metaspace       used 200198K, capacity 206014K, committed 206336K, reserved 1228800K
  class space    used 24578K, capacity 26757K, committed 26880K, reserved 1048576K
}
Event: 19281.126 GC heap after
{Heap after GC invocations=251 (full 0):
 garbage-first heap   total 460800K, used 274432K [0x0000000080000000, 0x0000000100000000)
  region size 1024K, 3 young (3072K), 3 survivors (3072K)
 Metaspace       used 200198K, capacity 206014K, committed 206336K, reserved 1228800K
  class space    used 24578K, capacity 26757K, committed 26880K, reserved 1048576K
}
Event: 19281.928 GC heap before
{Heap before GC invocations=251 (full 0):
 garbage-first heap   total 460800K, used 300032K [0x0000000080000000, 0x0000000100000000)
  region size 1024K, 29 young (29696K), 3 survivors (3072K)
 Metaspace       used 200310K, capacity 206188K, committed 206592K, reserved 1228800K
  class space    used 24586K, capacity 26792K, committed 26880K, reserved 1048576K
}
Event: 19281.987 GC heap after
{Heap after GC invocations=252 (full 0):
 garbage-first heap   total 460800K, used 282624K [0x0000000080000000, 0x0000000100000000)
  region size 1024K, 4 young (4096K), 4 survivors (4096K)
 Metaspace       used 200310K, capacity 206188K, committed 206592K, reserved 1228800K
  class space    used 24586K, capacity 26792K, committed 26880K, reserved 1048576K
}
Event: 19282.302 GC heap before
{Heap before GC invocations=253 (full 0):
 garbage-first heap   total 460800K, used 302080K [0x0000000080000000, 0x0000000100000000)
  region size 1024K, 22 young (22528K), 4 survivors (4096K)
 Metaspace       used 200673K, capacity 206670K, committed 206976K, reserved 1228800K
  class space    used 24663K, capacity 26905K, committed 27008K, reserved 1048576K
}
Event: 19282.347 GC heap after
{Heap after GC invocations=254 (full 0):
 garbage-first heap   total 460800K, used 285098K [0x0000000080000000, 0x0000000100000000)
  region size 1024K, 2 young (2048K), 2 survivors (2048K)
 Metaspace       used 200673K, capacity 206670K, committed 206976K, reserved 1228800K
  class space    used 24663K, capacity 26905K, committed 27008K, reserved 1048576K
}
Event: 19282.642 GC heap before
{Heap before GC invocations=254 (full 0):
 garbage-first heap   total 460800K, used 305578K [0x0000000080000000, 0x0000000100000000)
  region size 1024K, 22 young (22528K), 2 survivors (2048K)
 Metaspace       used 200730K, capacity 206711K, committed 206976K, reserved 1228800K
  class space    used 24671K, capacity 26918K, committed 27008K, reserved 1048576K
}

